Using pre-set license
Built from '6000.0/staging' branch; Version is '6000.0.32f1 (b2e806cf271c) revision 11724806'; Using compiler version '193933523'; Build Type 'Release'
OS: 'Windows 11  (10.0.26100) 64bit Professional' Language: 'en' Physical Memory: 31941 MB
BatchMode: 1, IsHumanControllingUs: 0, StartBugReporterOnCrash: 0, Is64bit: 1, IsPro: 1

COMMAND LINE ARGUMENTS:
C:\Program Files\Unity\Hub\Editor\6000.0.32f1-x86_64\Editor\Unity.exe
-adb2
-batchMode
-noUpm
-name
AssetImportWorker5
-projectPath
D:/Thuan/Alien Space Ship
-logFile
Logs/AssetImportWorker5.log
-srvPort
53823
-job-worker-count
7
-background-job-worker-count
8
-gc-helper-count
1
Successfully changed project path to: D:/Thuan/Alien Space Ship
D:/Thuan/Alien Space Ship
[UnityMemory] Configuration Parameters - Can be set up in boot.config
    "memorysetup-bucket-allocator-granularity=16"
    "memorysetup-bucket-allocator-bucket-count=8"
    "memorysetup-bucket-allocator-block-size=33554432"
    "memorysetup-bucket-allocator-block-count=8"
    "memorysetup-main-allocator-block-size=16777216"
    "memorysetup-thread-allocator-block-size=16777216"
    "memorysetup-gfx-main-allocator-block-size=16777216"
    "memorysetup-gfx-thread-allocator-block-size=16777216"
    "memorysetup-cache-allocator-block-size=4194304"
    "memorysetup-typetree-allocator-block-size=2097152"
    "memorysetup-profiler-bucket-allocator-granularity=16"
    "memorysetup-profiler-bucket-allocator-bucket-count=8"
    "memorysetup-profiler-bucket-allocator-block-size=33554432"
    "memorysetup-profiler-bucket-allocator-block-count=8"
    "memorysetup-profiler-allocator-block-size=16777216"
    "memorysetup-profiler-editor-allocator-block-size=1048576"
    "memorysetup-temp-allocator-size-main=16777216"
    "memorysetup-job-temp-allocator-block-size=2097152"
    "memorysetup-job-temp-allocator-block-size-background=1048576"
    "memorysetup-job-temp-allocator-reduction-small-platforms=262144"
    "memorysetup-allocator-temp-initial-block-size-main=262144"
    "memorysetup-allocator-temp-initial-block-size-worker=262144"
    "memorysetup-temp-allocator-size-background-worker=32768"
    "memorysetup-temp-allocator-size-job-worker=262144"
    "memorysetup-temp-allocator-size-preload-manager=33554432"
    "memorysetup-temp-allocator-size-nav-mesh-worker=65536"
    "memorysetup-temp-allocator-size-audio-worker=65536"
    "memorysetup-temp-allocator-size-cloud-worker=32768"
    "memorysetup-temp-allocator-size-gi-baking-worker=262144"
    "memorysetup-temp-allocator-size-gi-baking-worker=262144"
    "memorysetup-temp-allocator-size-gi-baking-worker=262144"
    "memorysetup-temp-allocator-size-gi-baking-worker=262144"
    "memorysetup-temp-allocator-size-gi-baking-worker=262144"
    "memorysetup-temp-allocator-size-gfx=262144"
Player connection [18240]  Target information:

Player connection [18240]  * "[IP] 192.168.100.188 [Port] 0 [Flags] 2 [Guid] 3131632782 [EditorId] 3131632782 [Version] 1048832 [Id] WindowsEditor(7,MinhTinh) [Debug] 1 [PackageName] WindowsEditor [ProjectName] Editor" 

Player connection [18240] Host joined multi-casting on [225.0.0.222:54997]...
Player connection [18240] Host joined alternative multi-casting on [225.0.0.222:34997]...
JobSystem: Creating JobQueue using job-worker-count value 7
[Physics::Module] Initialized fallback backend.
[Physics::Module] Id: 0xdecafbad
Library Redirect Path: Library/
[Physics::Module] Selected backend.
[Physics::Module] Name: PhysX
[Physics::Module] Id: 0xf2b8ea05
[Physics::Module] SDK Version: 4.1.2
[Physics::Module] Integration Version: 1.0.0
[Physics::Module] Threading Mode: Multi-Threaded
Refreshing native plugins compatible for Editor in 4.38 ms, found 9 plugins.
Preloading 1 native plugins for Editor in 1.12 ms.
Initialize engine version: 6000.0.32f1 (b2e806cf271c)
[Subsystems] Discovering subsystems at path C:/Program Files/Unity/Hub/Editor/6000.0.32f1-x86_64/Editor/Data/Resources/UnitySubsystems
[Subsystems] Discovering subsystems at path D:/Thuan/Alien Space Ship/Assets
GfxDevice: creating device client; kGfxThreadingModeNonThreaded
Direct3D:
    Version:  Direct3D 11.0 [level 11.1]
    Renderer: NVIDIA GeForce RTX 4060 Laptop GPU (ID=0x28e0)
    Vendor:   NVIDIA
    VRAM:     7972 MB
    Driver:   31.0.15.4692
Initialize mono
Mono path[0] = 'C:/Program Files/Unity/Hub/Editor/6000.0.32f1-x86_64/Editor/Data/Managed'
Mono path[1] = 'C:/Program Files/Unity/Hub/Editor/6000.0.32f1-x86_64/Editor/Data/MonoBleedingEdge/lib/mono/unityjit-win32'
Mono config path = 'C:/Program Files/Unity/Hub/Editor/6000.0.32f1-x86_64/Editor/Data/MonoBleedingEdge/etc'
Using monoOptions --debugger-agent=transport=dt_socket,embedding=1,server=y,suspend=n,address=127.0.0.1:56380
Begin MonoManager ReloadAssembly
Registering precompiled unity dll's ...
Register platform support module: C:/Program Files/Unity/Hub/Editor/6000.0.32f1-x86_64/Editor/Data/PlaybackEngines/WindowsStandaloneSupport/UnityEditor.WindowsStandalone.Extensions.dll
Register platform support module: C:/Program Files/Unity/Hub/Editor/6000.0.32f1-x86_64/Editor/Data/PlaybackEngines/AndroidPlayer/UnityEditor.Android.Extensions.dll
Registered in 0.003139 seconds.
- Loaded All Assemblies, in  0.328 seconds
Native extension for Android target not found
Android Extension - Scanning For ADB Devices 206 ms
Native extension for WindowsStandalone target not found
Mono: successfully reloaded assembly
- Finished resetting the current domain, in  0.510 seconds
Domain Reload Profiling: 836ms
	BeginReloadAssembly (113ms)
		ExecutionOrderSort (0ms)
		DisableScriptedObjects (0ms)
		BackupInstance (0ms)
		ReleaseScriptingObjects (0ms)
		CreateAndSetChildDomain (1ms)
	RebuildCommonClasses (32ms)
	RebuildNativeTypeToScriptingClass (10ms)
	initialDomainReloadingComplete (42ms)
	LoadAllAssembliesAndSetupDomain (129ms)
		LoadAssemblies (111ms)
		RebuildTransferFunctionScriptingTraits (0ms)
		AnalyzeDomain (126ms)
			TypeCache.Refresh (125ms)
				TypeCache.ScanAssembly (114ms)
			BuildScriptInfoCaches (0ms)
			ResolveRequiredComponents (0ms)
	FinalizeReload (510ms)
		ReleaseScriptCaches (0ms)
		RebuildScriptCaches (0ms)
		SetupLoadedEditorAssemblies (470ms)
			LogAssemblyErrors (0ms)
			InitializePlatformSupportModulesInManaged (278ms)
			SetLoadedEditorAssemblies (4ms)
			BeforeProcessingInitializeOnLoad (45ms)
			ProcessInitializeOnLoadAttributes (94ms)
			ProcessInitializeOnLoadMethodAttributes (49ms)
			AfterProcessingInitializeOnLoad (0ms)
			EditorAssembliesLoaded (0ms)
		ExecutionOrderSort2 (0ms)
		AwakeInstancesAfterBackupRestoration (0ms)
========================================================================
Worker process is ready to serve import requests
Import Worker Mode flag is 0x00
Begin MonoManager ReloadAssembly
- Loaded All Assemblies, in  0.692 seconds
Refreshing native plugins compatible for Editor in 2.62 ms, found 9 plugins.
Native extension for Android target not found
Native extension for WindowsStandalone target not found
Mono: successfully reloaded assembly
- Finished resetting the current domain, in  0.750 seconds
Domain Reload Profiling: 1439ms
	BeginReloadAssembly (151ms)
		ExecutionOrderSort (0ms)
		DisableScriptedObjects (5ms)
		BackupInstance (0ms)
		ReleaseScriptingObjects (0ms)
		CreateAndSetChildDomain (30ms)
	RebuildCommonClasses (31ms)
	RebuildNativeTypeToScriptingClass (10ms)
	initialDomainReloadingComplete (32ms)
	LoadAllAssembliesAndSetupDomain (465ms)
		LoadAssemblies (319ms)
		RebuildTransferFunctionScriptingTraits (0ms)
		AnalyzeDomain (233ms)
			TypeCache.Refresh (163ms)
				TypeCache.ScanAssembly (147ms)
			BuildScriptInfoCaches (57ms)
			ResolveRequiredComponents (11ms)
	FinalizeReload (750ms)
		ReleaseScriptCaches (0ms)
		RebuildScriptCaches (0ms)
		SetupLoadedEditorAssemblies (615ms)
			LogAssemblyErrors (0ms)
			InitializePlatformSupportModulesInManaged (11ms)
			SetLoadedEditorAssemblies (4ms)
			BeforeProcessingInitializeOnLoad (144ms)
			ProcessInitializeOnLoadAttributes (372ms)
			ProcessInitializeOnLoadMethodAttributes (79ms)
			AfterProcessingInitializeOnLoad (4ms)
			EditorAssembliesLoaded (0ms)
		ExecutionOrderSort2 (0ms)
		AwakeInstancesAfterBackupRestoration (4ms)
Launched and connected shader compiler UnityShaderCompiler.exe after 0.01 seconds
Refreshing native plugins compatible for Editor in 4.78 ms, found 9 plugins.
Preloading 1 native plugins for Editor in 0.09 ms.
Unloading 230 Unused Serialized files (Serialized files now loaded: 0)
Unloading 6737 unused Assets / (6.3 MB). Loaded Objects now: 7417.
Memory consumption went from 170.8 MB to 164.5 MB.
Total: 15.130200 ms (FindLiveObjects: 1.160100 ms CreateObjectMapping: 1.125000 ms MarkObjects: 8.115800 ms  DeleteObjects: 4.726900 ms)

========================================================================
Received Import Request.
  Time since last request: 735020.040133 seconds.
  path: Assets/Alien Space Ship/Assets/Prefabs/WarShip.prefab
  artifactKey: Guid(c6df09f6cdbace241b4b4fa3da3c51a7) Importer(815301076,1909f56bfc062723c751e8b465ee728b)
Start importing Assets/Alien Space Ship/Assets/Prefabs/WarShip.prefab using Guid(c6df09f6cdbace241b4b4fa3da3c51a7) Importer(815301076,1909f56bfc062723c751e8b465ee728b) (PreviewImporter) -> (artifact id: 'd9005707fdd449045f9cc017a7c1410d') in 0.5105233 seconds
Number of updated asset objects reloaded before import = 0Number of asset objects unloaded after import = 21

========================================================================
Received Prepare
Refreshing native plugins compatible for Editor in 5.29 ms, found 9 plugins.
Preloading 1 native plugins for Editor in 0.08 ms.
Unloading 17 Unused Serialized files (Serialized files now loaded: 0)
Unloading 6709 unused Assets / (6.4 MB). Loaded Objects now: 7572.
Memory consumption went from 151.1 MB to 144.7 MB.
Total: 19.315700 ms (FindLiveObjects: 1.296900 ms CreateObjectMapping: 1.431300 ms MarkObjects: 11.151000 ms  DeleteObjects: 5.434400 ms)

Prepare: number of updated asset objects reloaded= 0
========================================================================
Received Prepare
Begin MonoManager ReloadAssembly
- Loaded All Assemblies, in  0.707 seconds
Refreshing native plugins compatible for Editor in 3.64 ms, found 9 plugins.
Native extension for Android target not found
Native extension for WindowsStandalone target not found
Mono: successfully reloaded assembly
- Finished resetting the current domain, in  0.835 seconds
Domain Reload Profiling: 1543ms
	BeginReloadAssembly (218ms)
		ExecutionOrderSort (0ms)
		DisableScriptedObjects (20ms)
		BackupInstance (0ms)
		ReleaseScriptingObjects (0ms)
		CreateAndSetChildDomain (66ms)
	RebuildCommonClasses (37ms)
	RebuildNativeTypeToScriptingClass (12ms)
	initialDomainReloadingComplete (28ms)
	LoadAllAssembliesAndSetupDomain (413ms)
		LoadAssemblies (330ms)
		RebuildTransferFunctionScriptingTraits (0ms)
		AnalyzeDomain (173ms)
			TypeCache.Refresh (10ms)
				TypeCache.ScanAssembly (0ms)
			BuildScriptInfoCaches (150ms)
			ResolveRequiredComponents (10ms)
	FinalizeReload (835ms)
		ReleaseScriptCaches (0ms)
		RebuildScriptCaches (0ms)
		SetupLoadedEditorAssemblies (630ms)
			LogAssemblyErrors (0ms)
			InitializePlatformSupportModulesInManaged (11ms)
			SetLoadedEditorAssemblies (5ms)
			BeforeProcessingInitializeOnLoad (171ms)
			ProcessInitializeOnLoadAttributes (381ms)
			ProcessInitializeOnLoadMethodAttributes (57ms)
			AfterProcessingInitializeOnLoad (5ms)
			EditorAssembliesLoaded (0ms)
		ExecutionOrderSort2 (0ms)
		AwakeInstancesAfterBackupRestoration (12ms)
Refreshing native plugins compatible for Editor in 5.16 ms, found 9 plugins.
Preloading 1 native plugins for Editor in 0.09 ms.
Unloading 27 Unused Serialized files (Serialized files now loaded: 0)
Unloading 6734 unused Assets / (6.4 MB). Loaded Objects now: 7466.
Memory consumption went from 162.7 MB to 156.3 MB.
Total: 19.462200 ms (FindLiveObjects: 1.207700 ms CreateObjectMapping: 3.126400 ms MarkObjects: 9.739200 ms  DeleteObjects: 5.387200 ms)

Prepare: number of updated asset objects reloaded= 0
========================================================================
Received Prepare
Refreshing native plugins compatible for Editor in 9.02 ms, found 9 plugins.
Preloading 1 native plugins for Editor in 0.08 ms.
Unloading 17 Unused Serialized files (Serialized files now loaded: 0)
Unloading 6708 unused Assets / (6.6 MB). Loaded Objects now: 7466.
Memory consumption went from 160.9 MB to 154.2 MB.
Total: 19.536500 ms (FindLiveObjects: 1.187400 ms CreateObjectMapping: 1.694600 ms MarkObjects: 8.891000 ms  DeleteObjects: 7.761400 ms)

Prepare: number of updated asset objects reloaded= 0
========================================================================
Received Import Request.
  Time since last request: 103.634294 seconds.
  path: Assets/Alien Space Ship/Scripts/Popup/StartPopup/StartGamePopup.cs
  artifactKey: Guid(53148506fc3e40645835ec78a180b085) Importer(815301076,1909f56bfc062723c751e8b465ee728b)
Start importing Assets/Alien Space Ship/Scripts/Popup/StartPopup/StartGamePopup.cs using Guid(53148506fc3e40645835ec78a180b085) Importer(815301076,1909f56bfc062723c751e8b465ee728b) (PreviewImporter) -> (artifact id: '3dc418049dae71372356f5d91817dfa1') in 0.0170304 seconds
Number of updated asset objects reloaded before import = 0Number of asset objects unloaded after import = 0

========================================================================
Received Prepare
Refreshing native plugins compatible for Editor in 4.85 ms, found 9 plugins.
Preloading 1 native plugins for Editor in 0.08 ms.
Unloading 17 Unused Serialized files (Serialized files now loaded: 0)
Unloading 6709 unused Assets / (6.3 MB). Loaded Objects now: 7467.
Memory consumption went from 160.9 MB to 154.6 MB.
Total: 16.776200 ms (FindLiveObjects: 1.218000 ms CreateObjectMapping: 1.527500 ms MarkObjects: 8.852200 ms  DeleteObjects: 5.176800 ms)

Prepare: number of updated asset objects reloaded= 0
========================================================================
Received Prepare
Refreshing native plugins compatible for Editor in 5.32 ms, found 9 plugins.
Preloading 1 native plugins for Editor in 0.09 ms.
Unloading 17 Unused Serialized files (Serialized files now loaded: 0)
Unloading 6709 unused Assets / (7.4 MB). Loaded Objects now: 7467.
Memory consumption went from 160.9 MB to 153.4 MB.
Total: 47.089100 ms (FindLiveObjects: 2.450600 ms CreateObjectMapping: 2.659600 ms MarkObjects: 11.940900 ms  DeleteObjects: 30.036100 ms)

Prepare: number of updated asset objects reloaded= 0
========================================================================
Received Prepare
Refreshing native plugins compatible for Editor in 5.57 ms, found 9 plugins.
Preloading 1 native plugins for Editor in 0.08 ms.
Unloading 17 Unused Serialized files (Serialized files now loaded: 0)
Unloading 6710 unused Assets / (6.4 MB). Loaded Objects now: 7468.
Memory consumption went from 160.9 MB to 154.4 MB.
Total: 16.021900 ms (FindLiveObjects: 1.178400 ms CreateObjectMapping: 1.423800 ms MarkObjects: 7.422600 ms  DeleteObjects: 5.995300 ms)

Prepare: number of updated asset objects reloaded= 0
========================================================================
Received Prepare
Refreshing native plugins compatible for Editor in 9.45 ms, found 9 plugins.
Preloading 1 native plugins for Editor in 0.08 ms.
Unloading 17 Unused Serialized files (Serialized files now loaded: 0)
Unloading 6710 unused Assets / (7.3 MB). Loaded Objects now: 7468.
Memory consumption went from 160.9 MB to 153.5 MB.
Total: 43.328900 ms (FindLiveObjects: 7.735100 ms CreateObjectMapping: 1.656800 ms MarkObjects: 25.795500 ms  DeleteObjects: 8.139200 ms)

Prepare: number of updated asset objects reloaded= 0
========================================================================
Received Prepare
Refreshing native plugins compatible for Editor in 4.81 ms, found 9 plugins.
Preloading 1 native plugins for Editor in 0.09 ms.
Unloading 17 Unused Serialized files (Serialized files now loaded: 0)
Unloading 6711 unused Assets / (6.2 MB). Loaded Objects now: 7469.
Memory consumption went from 160.9 MB to 154.7 MB.
Total: 16.259200 ms (FindLiveObjects: 1.248800 ms CreateObjectMapping: 1.352200 ms MarkObjects: 8.167500 ms  DeleteObjects: 5.488100 ms)

Prepare: number of updated asset objects reloaded= 0
========================================================================
Received Prepare
Refreshing native plugins compatible for Editor in 4.39 ms, found 9 plugins.
Preloading 1 native plugins for Editor in 0.08 ms.
Unloading 17 Unused Serialized files (Serialized files now loaded: 0)
Unloading 6712 unused Assets / (6.3 MB). Loaded Objects now: 7470.
Memory consumption went from 160.9 MB to 154.6 MB.
Total: 16.563800 ms (FindLiveObjects: 1.512400 ms CreateObjectMapping: 1.709000 ms MarkObjects: 8.205700 ms  DeleteObjects: 5.134900 ms)

Prepare: number of updated asset objects reloaded= 0
========================================================================
Received Prepare
Refreshing native plugins compatible for Editor in 5.10 ms, found 9 plugins.
Preloading 1 native plugins for Editor in 0.09 ms.
Unloading 17 Unused Serialized files (Serialized files now loaded: 0)
Unloading 6713 unused Assets / (6.1 MB). Loaded Objects now: 7471.
Memory consumption went from 160.8 MB to 154.7 MB.
Total: 16.157500 ms (FindLiveObjects: 1.290500 ms CreateObjectMapping: 1.805300 ms MarkObjects: 8.077600 ms  DeleteObjects: 4.982100 ms)

Prepare: number of updated asset objects reloaded= 0
========================================================================
Received Prepare
Refreshing native plugins compatible for Editor in 4.91 ms, found 9 plugins.
Preloading 1 native plugins for Editor in 0.09 ms.
Unloading 17 Unused Serialized files (Serialized files now loaded: 0)
Unloading 6714 unused Assets / (6.6 MB). Loaded Objects now: 7472.
Memory consumption went from 160.9 MB to 154.3 MB.
Total: 17.073400 ms (FindLiveObjects: 1.158700 ms CreateObjectMapping: 1.546900 ms MarkObjects: 8.686500 ms  DeleteObjects: 5.678700 ms)

Prepare: number of updated asset objects reloaded= 0
========================================================================
Received Prepare
Refreshing native plugins compatible for Editor in 5.12 ms, found 9 plugins.
Preloading 1 native plugins for Editor in 0.10 ms.
Unloading 17 Unused Serialized files (Serialized files now loaded: 0)
Unloading 6714 unused Assets / (7.2 MB). Loaded Objects now: 7472.
Memory consumption went from 160.9 MB to 153.7 MB.
Total: 23.423400 ms (FindLiveObjects: 1.234300 ms CreateObjectMapping: 1.626300 ms MarkObjects: 12.682100 ms  DeleteObjects: 7.879000 ms)

Prepare: number of updated asset objects reloaded= 0
========================================================================
Received Prepare
Begin MonoManager ReloadAssembly
- Loaded All Assemblies, in  0.874 seconds
Refreshing native plugins compatible for Editor in 2.81 ms, found 9 plugins.
Native extension for Android target not found
Native extension for WindowsStandalone target not found
Mono: successfully reloaded assembly
- Finished resetting the current domain, in  0.745 seconds
Domain Reload Profiling: 1621ms
	BeginReloadAssembly (229ms)
		ExecutionOrderSort (0ms)
		DisableScriptedObjects (6ms)
		BackupInstance (0ms)
		ReleaseScriptingObjects (0ms)
		CreateAndSetChildDomain (56ms)
	RebuildCommonClasses (36ms)
	RebuildNativeTypeToScriptingClass (17ms)
	initialDomainReloadingComplete (32ms)
	LoadAllAssembliesAndSetupDomain (562ms)
		LoadAssemblies (434ms)
		RebuildTransferFunctionScriptingTraits (0ms)
		AnalyzeDomain (246ms)
			TypeCache.Refresh (8ms)
				TypeCache.ScanAssembly (0ms)
			BuildScriptInfoCaches (217ms)
			ResolveRequiredComponents (16ms)
	FinalizeReload (745ms)
		ReleaseScriptCaches (0ms)
		RebuildScriptCaches (0ms)
		SetupLoadedEditorAssemblies (576ms)
			LogAssemblyErrors (0ms)
			InitializePlatformSupportModulesInManaged (11ms)
			SetLoadedEditorAssemblies (5ms)
			BeforeProcessingInitializeOnLoad (151ms)
			ProcessInitializeOnLoadAttributes (354ms)
			ProcessInitializeOnLoadMethodAttributes (51ms)
			AfterProcessingInitializeOnLoad (4ms)
			EditorAssembliesLoaded (0ms)
		ExecutionOrderSort2 (0ms)
		AwakeInstancesAfterBackupRestoration (11ms)
Refreshing native plugins compatible for Editor in 4.77 ms, found 9 plugins.
Preloading 1 native plugins for Editor in 0.09 ms.
Unloading 17 Unused Serialized files (Serialized files now loaded: 0)
Unloading 6740 unused Assets / (6.2 MB). Loaded Objects now: 7474.
Memory consumption went from 160.9 MB to 154.7 MB.
Total: 13.875100 ms (FindLiveObjects: 0.742500 ms CreateObjectMapping: 0.787300 ms MarkObjects: 7.357800 ms  DeleteObjects: 4.986100 ms)

Prepare: number of updated asset objects reloaded= 0
========================================================================
Received Import Request.
  Time since last request: 1498.976686 seconds.
  path: Assets/Alien Space Ship/Assets/Sprites/Sliced Elements/Components4/Btn_Start_n.png
  artifactKey: Guid(cb86580a0c07e894f939c33a860e73fd) Importer(815301076,1909f56bfc062723c751e8b465ee728b)
Start importing Assets/Alien Space Ship/Assets/Sprites/Sliced Elements/Components4/Btn_Start_n.png using Guid(cb86580a0c07e894f939c33a860e73fd) Importer(815301076,1909f56bfc062723c751e8b465ee728b) (PreviewImporter) -> (artifact id: '9a9369e0cc76eb880e0aa7e52ccbe700') in 0.0795222 seconds
Number of updated asset objects reloaded before import = 0Number of asset objects unloaded after import = 3

========================================================================
Received Import Request.
  Time since last request: 0.000018 seconds.
  path: Assets/Alien Space Ship/Assets/Sprites/Sliced Elements/Components8/Icon_Start1.png
  artifactKey: Guid(82f6cea8cd33c984c93ad771661ee273) Importer(815301076,1909f56bfc062723c751e8b465ee728b)
Start importing Assets/Alien Space Ship/Assets/Sprites/Sliced Elements/Components8/Icon_Start1.png using Guid(82f6cea8cd33c984c93ad771661ee273) Importer(815301076,1909f56bfc062723c751e8b465ee728b) (PreviewImporter) -> (artifact id: '72a278950021e33df4430100ec4876a5') in 0.0188274 seconds
Number of updated asset objects reloaded before import = 0Number of asset objects unloaded after import = 3

========================================================================
Received Import Request.
  Time since last request: 224.205197 seconds.
  path: Assets/Alien Space Ship/Assets/Sprites/Sliced Elements/1LoadingPage/Progress1.png
  artifactKey: Guid(7b5e638d9c439054eb0b78cd2757f783) Importer(815301076,1909f56bfc062723c751e8b465ee728b)
Start importing Assets/Alien Space Ship/Assets/Sprites/Sliced Elements/1LoadingPage/Progress1.png using Guid(7b5e638d9c439054eb0b78cd2757f783) Importer(815301076,1909f56bfc062723c751e8b465ee728b) (PreviewImporter) -> (artifact id: '54ee4d2a7d9753d11886abd4e2e7292f') in 0.0261623 seconds
Number of updated asset objects reloaded before import = 0Number of asset objects unloaded after import = 3

========================================================================
Received Import Request.
  Time since last request: 0.000022 seconds.
  path: Assets/Alien Space Ship/Assets/Sprites/Sliced Elements/1LoadingPage/Title1_bg.png
  artifactKey: Guid(977e0c15034eb9146a507faaa2248ece) Importer(815301076,1909f56bfc062723c751e8b465ee728b)
Start importing Assets/Alien Space Ship/Assets/Sprites/Sliced Elements/1LoadingPage/Title1_bg.png using Guid(977e0c15034eb9146a507faaa2248ece) Importer(815301076,1909f56bfc062723c751e8b465ee728b) (PreviewImporter) -> (artifact id: 'bba29aacc6342544b2b530b9e005763a') in 0.0270405 seconds
Number of updated asset objects reloaded before import = 0Number of asset objects unloaded after import = 3

========================================================================
Received Import Request.
  Time since last request: 114.079053 seconds.
  path: Assets/Alien Space Ship/Assets/Sprites/Sliced Elements/Icons1/ICON_Setting.png
  artifactKey: Guid(0d98f5db42e6bd842ad56eabf388e69d) Importer(815301076,1909f56bfc062723c751e8b465ee728b)
Start importing Assets/Alien Space Ship/Assets/Sprites/Sliced Elements/Icons1/ICON_Setting.png using Guid(0d98f5db42e6bd842ad56eabf388e69d) Importer(815301076,1909f56bfc062723c751e8b465ee728b) (PreviewImporter) -> (artifact id: '8dcd794ba2f60baf79272619a3bbc787') in 0.0210713 seconds
Number of updated asset objects reloaded before import = 0Number of asset objects unloaded after import = 3

========================================================================
Received Import Request.
  Time since last request: 0.000019 seconds.
  path: Assets/TextMesh Pro/Resources/TMP Settings.asset
  artifactKey: Guid(3f5b5dff67a942289a9defa416b206f3) Importer(815301076,1909f56bfc062723c751e8b465ee728b)
Start importing Assets/TextMesh Pro/Resources/TMP Settings.asset using Guid(3f5b5dff67a942289a9defa416b206f3) Importer(815301076,1909f56bfc062723c751e8b465ee728b) (PreviewImporter) -> (artifact id: 'ee11235d6b6cb12be6ddaced03d8454f') in 0.0774363 seconds
Number of updated asset objects reloaded before import = 0Number of asset objects unloaded after import = 15

========================================================================
Received Prepare
Refreshing native plugins compatible for Editor in 4.29 ms, found 9 plugins.
Preloading 1 native plugins for Editor in 0.08 ms.
Unloading 17 Unused Serialized files (Serialized files now loaded: 0)
Unloading 6714 unused Assets / (6.1 MB). Loaded Objects now: 7483.
Memory consumption went from 161.2 MB to 155.1 MB.
Total: 16.767100 ms (FindLiveObjects: 1.243000 ms CreateObjectMapping: 1.707100 ms MarkObjects: 8.804300 ms  DeleteObjects: 5.011200 ms)

Prepare: number of updated asset objects reloaded= 0
========================================================================
Received Prepare
Begin MonoManager ReloadAssembly
- Loaded All Assemblies, in  0.717 seconds
Refreshing native plugins compatible for Editor in 2.53 ms, found 9 plugins.
Native extension for Android target not found
Native extension for WindowsStandalone target not found
Mono: successfully reloaded assembly
- Finished resetting the current domain, in  0.917 seconds
Domain Reload Profiling: 1635ms
	BeginReloadAssembly (207ms)
		ExecutionOrderSort (0ms)
		DisableScriptedObjects (9ms)
		BackupInstance (0ms)
		ReleaseScriptingObjects (0ms)
		CreateAndSetChildDomain (62ms)
	RebuildCommonClasses (30ms)
	RebuildNativeTypeToScriptingClass (11ms)
	initialDomainReloadingComplete (26ms)
	LoadAllAssembliesAndSetupDomain (443ms)
		LoadAssemblies (339ms)
		RebuildTransferFunctionScriptingTraits (0ms)
		AnalyzeDomain (195ms)
			TypeCache.Refresh (9ms)
				TypeCache.ScanAssembly (0ms)
			BuildScriptInfoCaches (170ms)
			ResolveRequiredComponents (12ms)
	FinalizeReload (918ms)
		ReleaseScriptCaches (0ms)
		RebuildScriptCaches (0ms)
		SetupLoadedEditorAssemblies (721ms)
			LogAssemblyErrors (0ms)
			InitializePlatformSupportModulesInManaged (12ms)
			SetLoadedEditorAssemblies (5ms)
			BeforeProcessingInitializeOnLoad (194ms)
			ProcessInitializeOnLoadAttributes (440ms)
			ProcessInitializeOnLoadMethodAttributes (65ms)
			AfterProcessingInitializeOnLoad (5ms)
			EditorAssembliesLoaded (0ms)
		ExecutionOrderSort2 (0ms)
		AwakeInstancesAfterBackupRestoration (13ms)
Refreshing native plugins compatible for Editor in 5.13 ms, found 9 plugins.
Preloading 1 native plugins for Editor in 0.09 ms.
Unloading 17 Unused Serialized files (Serialized files now loaded: 0)
Unloading 6740 unused Assets / (6.5 MB). Loaded Objects now: 7484.
Memory consumption went from 160.9 MB to 154.4 MB.
Total: 17.642900 ms (FindLiveObjects: 1.453300 ms CreateObjectMapping: 2.202000 ms MarkObjects: 8.353900 ms  DeleteObjects: 5.632400 ms)

Prepare: number of updated asset objects reloaded= 0
========================================================================
Received Import Request.
  Time since last request: 525.516793 seconds.
  path: Assets/Alien Space Ship/Assets/Sprites/Sliced Elements/Components5/bg_Title_small panel03.png
  artifactKey: Guid(51dae7c38b354b445aef23bd23a2f46b) Importer(815301076,1909f56bfc062723c751e8b465ee728b)
Start importing Assets/Alien Space Ship/Assets/Sprites/Sliced Elements/Components5/bg_Title_small panel03.png using Guid(51dae7c38b354b445aef23bd23a2f46b) Importer(815301076,1909f56bfc062723c751e8b465ee728b) (PreviewImporter) -> (artifact id: 'a276ae8bd2b18b1569054cf1ae56be30') in 0.0835095 seconds
Number of updated asset objects reloaded before import = 0Number of asset objects unloaded after import = 3

========================================================================
Received Import Request.
  Time since last request: 0.000025 seconds.
  path: Assets/Alien Space Ship/Assets/Sprites/Sliced Elements/Components5/Btn_button03_n.png
  artifactKey: Guid(b200569097e032b47b7894e72b6b49f4) Importer(815301076,1909f56bfc062723c751e8b465ee728b)
Start importing Assets/Alien Space Ship/Assets/Sprites/Sliced Elements/Components5/Btn_button03_n.png using Guid(b200569097e032b47b7894e72b6b49f4) Importer(815301076,1909f56bfc062723c751e8b465ee728b) (PreviewImporter) -> (artifact id: '89828e43881cdc01839c8879477e386d') in 0.0218287 seconds
Number of updated asset objects reloaded before import = 0Number of asset objects unloaded after import = 3

========================================================================
Received Import Request.
  Time since last request: 0.000033 seconds.
  path: Assets/Alien Space Ship/Assets/Sprites/Sliced Elements/Components5/Btn_button02_p.png
  artifactKey: Guid(be757bd7cb39f4c4fa3ff9d4a5359674) Importer(815301076,1909f56bfc062723c751e8b465ee728b)
Start importing Assets/Alien Space Ship/Assets/Sprites/Sliced Elements/Components5/Btn_button02_p.png using Guid(be757bd7cb39f4c4fa3ff9d4a5359674) Importer(815301076,1909f56bfc062723c751e8b465ee728b) (PreviewImporter) -> (artifact id: '9a2e3229a64ecdcda586a9a67cc9b202') in 0.0175907 seconds
Number of updated asset objects reloaded before import = 0Number of asset objects unloaded after import = 3

========================================================================
Received Import Request.
  Time since last request: 0.000016 seconds.
  path: Assets/Alien Space Ship/Assets/Sprites/Sliced Elements/Components5/Icon00.png
  artifactKey: Guid(24e351b2fd4257f4a952c302e59268b9) Importer(815301076,1909f56bfc062723c751e8b465ee728b)
Start importing Assets/Alien Space Ship/Assets/Sprites/Sliced Elements/Components5/Icon00.png using Guid(24e351b2fd4257f4a952c302e59268b9) Importer(815301076,1909f56bfc062723c751e8b465ee728b) (PreviewImporter) -> (artifact id: '0056a0a44fe14ab153afe77fa14e55d4') in 0.0180061 seconds
Number of updated asset objects reloaded before import = 0Number of asset objects unloaded after import = 3

========================================================================
Received Import Request.
  Time since last request: 0.000019 seconds.
  path: Assets/Alien Space Ship/Assets/Sprites/Sliced Elements/Components5/Sci-fi Circle02.png
  artifactKey: Guid(6bdf97d62c86c614cbe167c303d41781) Importer(815301076,1909f56bfc062723c751e8b465ee728b)
Start importing Assets/Alien Space Ship/Assets/Sprites/Sliced Elements/Components5/Sci-fi Circle02.png using Guid(6bdf97d62c86c614cbe167c303d41781) Importer(815301076,1909f56bfc062723c751e8b465ee728b) (PreviewImporter) -> (artifact id: 'f8bd2fde896a0ad918ae239e35981b5d') in 0.0263193 seconds
Number of updated asset objects reloaded before import = 0Number of asset objects unloaded after import = 3

========================================================================
Received Import Request.
  Time since last request: 0.000015 seconds.
  path: Assets/Alien Space Ship/Assets/Sprites/Sliced Elements/Components5/Sci-fi-Circle01_02.png
  artifactKey: Guid(093290c1726c74c47b0e2834d7814a91) Importer(815301076,1909f56bfc062723c751e8b465ee728b)
Start importing Assets/Alien Space Ship/Assets/Sprites/Sliced Elements/Components5/Sci-fi-Circle01_02.png using Guid(093290c1726c74c47b0e2834d7814a91) Importer(815301076,1909f56bfc062723c751e8b465ee728b) (PreviewImporter) -> (artifact id: '508323f3197bc9d98e0b1d490ed02a80') in 0.0188114 seconds
Number of updated asset objects reloaded before import = 0Number of asset objects unloaded after import = 3

========================================================================
Received Import Request.
  Time since last request: 0.000015 seconds.
  path: Assets/Alien Space Ship/Assets/Sprites/Sliced Elements/Components5/Sci-fi-Circle01_01.png
  artifactKey: Guid(e5650e501db017a4987cebaf2faf1805) Importer(815301076,1909f56bfc062723c751e8b465ee728b)
Start importing Assets/Alien Space Ship/Assets/Sprites/Sliced Elements/Components5/Sci-fi-Circle01_01.png using Guid(e5650e501db017a4987cebaf2faf1805) Importer(815301076,1909f56bfc062723c751e8b465ee728b) (PreviewImporter) -> (artifact id: 'ac1371ae0b7afe8d4efba08a7fe9eb94') in 0.019265 seconds
Number of updated asset objects reloaded before import = 0Number of asset objects unloaded after import = 3

========================================================================
Received Import Request.
  Time since last request: 0.000021 seconds.
  path: Assets/Alien Space Ship/Assets/Sprites/Sliced Elements/Components5/Sci-fi-Circle02_01.png
  artifactKey: Guid(6100bd6423c54044ab6cd3106c0a7e37) Importer(815301076,1909f56bfc062723c751e8b465ee728b)
Start importing Assets/Alien Space Ship/Assets/Sprites/Sliced Elements/Components5/Sci-fi-Circle02_01.png using Guid(6100bd6423c54044ab6cd3106c0a7e37) Importer(815301076,1909f56bfc062723c751e8b465ee728b) (PreviewImporter) -> (artifact id: '513bbbe524c965a3f21bcbb3c783076a') in 0.0190015 seconds
Number of updated asset objects reloaded before import = 0Number of asset objects unloaded after import = 3

========================================================================
Received Import Request.
  Time since last request: 0.000022 seconds.
  path: Assets/Alien Space Ship/Assets/Sprites/Sliced Elements/Components5/Icon4-2.png
  artifactKey: Guid(c21db4f48e452e04bb3142a92f831b43) Importer(815301076,1909f56bfc062723c751e8b465ee728b)
Start importing Assets/Alien Space Ship/Assets/Sprites/Sliced Elements/Components5/Icon4-2.png using Guid(c21db4f48e452e04bb3142a92f831b43) Importer(815301076,1909f56bfc062723c751e8b465ee728b) (PreviewImporter) -> (artifact id: 'c2204c7730c395db5df46ca554f9d6d5') in 0.0302571 seconds
Number of updated asset objects reloaded before import = 0Number of asset objects unloaded after import = 3

========================================================================
Received Import Request.
  Time since last request: 0.000022 seconds.
  path: Assets/Alien Space Ship/Assets/Sprites/Sliced Elements/Components5/Btn_Button05_n.png
  artifactKey: Guid(90912177c31352c4bbfc8cb0d619a3f8) Importer(815301076,1909f56bfc062723c751e8b465ee728b)
Start importing Assets/Alien Space Ship/Assets/Sprites/Sliced Elements/Components5/Btn_Button05_n.png using Guid(90912177c31352c4bbfc8cb0d619a3f8) Importer(815301076,1909f56bfc062723c751e8b465ee728b) (PreviewImporter) -> (artifact id: '55fc04346b12cac724c340e6d93f3744') in 0.016104 seconds
Number of updated asset objects reloaded before import = 0Number of asset objects unloaded after import = 3

========================================================================
Received Import Request.
  Time since last request: 0.000017 seconds.
  path: Assets/Alien Space Ship/Assets/Sprites/Sliced Elements/Components5/Btn_button02_h.png
  artifactKey: Guid(e82db4a2f57d90f4cbadc33a4b9271d2) Importer(815301076,1909f56bfc062723c751e8b465ee728b)
Start importing Assets/Alien Space Ship/Assets/Sprites/Sliced Elements/Components5/Btn_button02_h.png using Guid(e82db4a2f57d90f4cbadc33a4b9271d2) Importer(815301076,1909f56bfc062723c751e8b465ee728b) (PreviewImporter) -> (artifact id: '3f527315d3d979d26fa9c9e0029ac076') in 0.0207458 seconds
Number of updated asset objects reloaded before import = 0Number of asset objects unloaded after import = 3

========================================================================
Received Import Request.
  Time since last request: 0.000028 seconds.
  path: Assets/Alien Space Ship/Assets/Sprites/Sliced Elements/Components5/Btn_button01_h.png
  artifactKey: Guid(b28d6bd654e05dd43a4735d8312bbf61) Importer(815301076,1909f56bfc062723c751e8b465ee728b)
Start importing Assets/Alien Space Ship/Assets/Sprites/Sliced Elements/Components5/Btn_button01_h.png using Guid(b28d6bd654e05dd43a4735d8312bbf61) Importer(815301076,1909f56bfc062723c751e8b465ee728b) (PreviewImporter) -> (artifact id: '624324f12d2f821f8197585a660426ec') in 0.018614 seconds
Number of updated asset objects reloaded before import = 0Number of asset objects unloaded after import = 3

========================================================================
Received Import Request.
  Time since last request: 0.000016 seconds.
  path: Assets/Alien Space Ship/Assets/Sprites/Sliced Elements/Components5/Icon3-1.png
  artifactKey: Guid(f33e3a54d7af0024bb65ad2fae628d76) Importer(815301076,1909f56bfc062723c751e8b465ee728b)
Start importing Assets/Alien Space Ship/Assets/Sprites/Sliced Elements/Components5/Icon3-1.png using Guid(f33e3a54d7af0024bb65ad2fae628d76) Importer(815301076,1909f56bfc062723c751e8b465ee728b) (PreviewImporter) -> (artifact id: '1d348fca376b552c7dc4e3ad4eb2ee92') in 0.0174129 seconds
Number of updated asset objects reloaded before import = 0Number of asset objects unloaded after import = 3

========================================================================
Received Import Request.
  Time since last request: 0.000015 seconds.
  path: Assets/Alien Space Ship/Assets/Sprites/Sliced Elements/Components5/small panel01.png
  artifactKey: Guid(60fc4a9d6a7e28c4abbc8f880e3b08c0) Importer(815301076,1909f56bfc062723c751e8b465ee728b)
Start importing Assets/Alien Space Ship/Assets/Sprites/Sliced Elements/Components5/small panel01.png using Guid(60fc4a9d6a7e28c4abbc8f880e3b08c0) Importer(815301076,1909f56bfc062723c751e8b465ee728b) (PreviewImporter) -> (artifact id: '9075b15e934dba893cb2ad845e1ea622') in 0.0202219 seconds
Number of updated asset objects reloaded before import = 0Number of asset objects unloaded after import = 3

========================================================================
Received Import Request.
  Time since last request: 0.000026 seconds.
  path: Assets/Alien Space Ship/Assets/Sprites/Sliced Elements/Components5/Sci-fi-Circle02_03.png
  artifactKey: Guid(dc92eb74aeebc8f4ca2cabd130e53091) Importer(815301076,1909f56bfc062723c751e8b465ee728b)
Start importing Assets/Alien Space Ship/Assets/Sprites/Sliced Elements/Components5/Sci-fi-Circle02_03.png using Guid(dc92eb74aeebc8f4ca2cabd130e53091) Importer(815301076,1909f56bfc062723c751e8b465ee728b) (PreviewImporter) -> (artifact id: '742a77281cc48b8686c88346ee83bf57') in 0.0185546 seconds
Number of updated asset objects reloaded before import = 0Number of asset objects unloaded after import = 3

========================================================================
Received Import Request.
  Time since last request: 0.000014 seconds.
  path: Assets/Alien Space Ship/Assets/Sprites/Sliced Elements/Components5/Btn_button04_n.png
  artifactKey: Guid(137c9cb68c22878448d5f03ba6082e9d) Importer(815301076,1909f56bfc062723c751e8b465ee728b)
Start importing Assets/Alien Space Ship/Assets/Sprites/Sliced Elements/Components5/Btn_button04_n.png using Guid(137c9cb68c22878448d5f03ba6082e9d) Importer(815301076,1909f56bfc062723c751e8b465ee728b) (PreviewImporter) -> (artifact id: 'cd1b814b845b2bf0744af8faca53b505') in 0.0178752 seconds
Number of updated asset objects reloaded before import = 0Number of asset objects unloaded after import = 3

========================================================================
Received Import Request.
  Time since last request: 0.000019 seconds.
  path: Assets/Alien Space Ship/Assets/Sprites/Sliced Elements/Components5/Btn_button01_p.png
  artifactKey: Guid(ff42702def814c74692abef1e00ebe77) Importer(815301076,1909f56bfc062723c751e8b465ee728b)
Start importing Assets/Alien Space Ship/Assets/Sprites/Sliced Elements/Components5/Btn_button01_p.png using Guid(ff42702def814c74692abef1e00ebe77) Importer(815301076,1909f56bfc062723c751e8b465ee728b) (PreviewImporter) -> (artifact id: '093610a5a9ebc86cfd0485ba29a35463') in 0.0156973 seconds
Number of updated asset objects reloaded before import = 0Number of asset objects unloaded after import = 3

========================================================================
Received Import Request.
  Time since last request: 0.416011 seconds.
  path: Assets/Alien Space Ship/Assets/Sprites/Sliced Elements/Components5/small panel03.png
  artifactKey: Guid(3685eecf931e2bc4696755a8322f87f2) Importer(815301076,1909f56bfc062723c751e8b465ee728b)
Start importing Assets/Alien Space Ship/Assets/Sprites/Sliced Elements/Components5/small panel03.png using Guid(3685eecf931e2bc4696755a8322f87f2) Importer(815301076,1909f56bfc062723c751e8b465ee728b) (PreviewImporter) -> (artifact id: '30281f908c996a8a819f8c9cf1b5163f') in 0.0204031 seconds
Number of updated asset objects reloaded before import = 0Number of asset objects unloaded after import = 3

========================================================================
Received Import Request.
  Time since last request: 0.000018 seconds.
  path: Assets/Alien Space Ship/Assets/Sprites/Sliced Elements/Components5/small panel04.png
  artifactKey: Guid(20a705dbe3c403e42a7c141c262db097) Importer(815301076,1909f56bfc062723c751e8b465ee728b)
Start importing Assets/Alien Space Ship/Assets/Sprites/Sliced Elements/Components5/small panel04.png using Guid(20a705dbe3c403e42a7c141c262db097) Importer(815301076,1909f56bfc062723c751e8b465ee728b) (PreviewImporter) -> (artifact id: '3cb37f948bd3c45b776477543645b77a') in 0.0211911 seconds
Number of updated asset objects reloaded before import = 0Number of asset objects unloaded after import = 3

========================================================================
Received Import Request.
  Time since last request: 0.000019 seconds.
  path: Assets/Alien Space Ship/Assets/Sprites/Sliced Elements/Components5/small title01_bg.png
  artifactKey: Guid(a34cf8911c1f4ba4d837e94d04987a7e) Importer(815301076,1909f56bfc062723c751e8b465ee728b)
Start importing Assets/Alien Space Ship/Assets/Sprites/Sliced Elements/Components5/small title01_bg.png using Guid(a34cf8911c1f4ba4d837e94d04987a7e) Importer(815301076,1909f56bfc062723c751e8b465ee728b) (PreviewImporter) -> (artifact id: '71e0a640554d4381c9b551b6987b94e3') in 0.0174645 seconds
Number of updated asset objects reloaded before import = 0Number of asset objects unloaded after import = 3

========================================================================
Received Import Request.
  Time since last request: 0.000031 seconds.
  path: Assets/Alien Space Ship/Assets/Sprites/Sliced Elements/Components5/SmallTitle1-1.png
  artifactKey: Guid(063b8ab375539d64b9bd29f74c4bb404) Importer(815301076,1909f56bfc062723c751e8b465ee728b)
Start importing Assets/Alien Space Ship/Assets/Sprites/Sliced Elements/Components5/SmallTitle1-1.png using Guid(063b8ab375539d64b9bd29f74c4bb404) Importer(815301076,1909f56bfc062723c751e8b465ee728b) (PreviewImporter) -> (artifact id: '8ec3246d02983eb51db565e074ef95f0') in 0.0198052 seconds
Number of updated asset objects reloaded before import = 0Number of asset objects unloaded after import = 3

========================================================================
Received Import Request.
  Time since last request: 7.862160 seconds.
  path: Assets/Alien Space Ship/Assets/Sprites/Sliced Elements/Components4/Btn_sci-fi button03_n.png
  artifactKey: Guid(63a0d072412db8249a03bc103d231ee9) Importer(815301076,1909f56bfc062723c751e8b465ee728b)
Start importing Assets/Alien Space Ship/Assets/Sprites/Sliced Elements/Components4/Btn_sci-fi button03_n.png using Guid(63a0d072412db8249a03bc103d231ee9) Importer(815301076,1909f56bfc062723c751e8b465ee728b) (PreviewImporter) -> (artifact id: 'de2993f5a3970667742d2e5e2d97510d') in 0.0217831 seconds
Number of updated asset objects reloaded before import = 0Number of asset objects unloaded after import = 3

========================================================================
Received Import Request.
  Time since last request: 0.000022 seconds.
  path: Assets/Alien Space Ship/Assets/Sprites/Sliced Elements/Components4/Btn_sci-fi button04_n.png
  artifactKey: Guid(2ca24aefaae9c974f847b1395ae954dc) Importer(815301076,1909f56bfc062723c751e8b465ee728b)
Start importing Assets/Alien Space Ship/Assets/Sprites/Sliced Elements/Components4/Btn_sci-fi button04_n.png using Guid(2ca24aefaae9c974f847b1395ae954dc) Importer(815301076,1909f56bfc062723c751e8b465ee728b) (PreviewImporter) -> (artifact id: 'bcd6562be6e4cd7180da9e88624cd95e') in 0.0210788 seconds
Number of updated asset objects reloaded before import = 0Number of asset objects unloaded after import = 3

========================================================================
Received Import Request.
  Time since last request: 0.000036 seconds.
  path: Assets/Alien Space Ship/Assets/Sprites/Sliced Elements/Components4/circle01-1.png
  artifactKey: Guid(1b6292d7f9593a44ea509482b1c9ab55) Importer(815301076,1909f56bfc062723c751e8b465ee728b)
Start importing Assets/Alien Space Ship/Assets/Sprites/Sliced Elements/Components4/circle01-1.png using Guid(1b6292d7f9593a44ea509482b1c9ab55) Importer(815301076,1909f56bfc062723c751e8b465ee728b) (PreviewImporter) -> (artifact id: '72f8d0b68b0b20a5c4342ac32a04d3df') in 0.0202106 seconds
Number of updated asset objects reloaded before import = 0Number of asset objects unloaded after import = 3

========================================================================
Received Import Request.
  Time since last request: 0.000022 seconds.
  path: Assets/Alien Space Ship/Assets/Sprites/Sliced Elements/Components4/Icon_Pause.png
  artifactKey: Guid(3ad4b094405e3eb4593282f802ef6618) Importer(815301076,1909f56bfc062723c751e8b465ee728b)
Start importing Assets/Alien Space Ship/Assets/Sprites/Sliced Elements/Components4/Icon_Pause.png using Guid(3ad4b094405e3eb4593282f802ef6618) Importer(815301076,1909f56bfc062723c751e8b465ee728b) (PreviewImporter) -> (artifact id: '55cdcabdc3911aaea828afc010dd4c89') in 0.0249578 seconds
Number of updated asset objects reloaded before import = 0Number of asset objects unloaded after import = 3

========================================================================
Received Import Request.
  Time since last request: 0.000016 seconds.
  path: Assets/Alien Space Ship/Assets/Sprites/Sliced Elements/Components4/loading-bar02_01.png
  artifactKey: Guid(69bd54d20e4498a438493d281a363df8) Importer(815301076,1909f56bfc062723c751e8b465ee728b)
Start importing Assets/Alien Space Ship/Assets/Sprites/Sliced Elements/Components4/loading-bar02_01.png using Guid(69bd54d20e4498a438493d281a363df8) Importer(815301076,1909f56bfc062723c751e8b465ee728b) (PreviewImporter) -> (artifact id: '7648010c615a42f2cdbed35b5532c7d5') in 0.0195879 seconds
Number of updated asset objects reloaded before import = 0Number of asset objects unloaded after import = 3

========================================================================
Received Import Request.
  Time since last request: 0.000017 seconds.
  path: Assets/Alien Space Ship/Assets/Sprites/Sliced Elements/Components4/Scrollbar1_BtnUp_h.png
  artifactKey: Guid(479d34fbeb6917f44a660ddc14b9d79f) Importer(815301076,1909f56bfc062723c751e8b465ee728b)
Start importing Assets/Alien Space Ship/Assets/Sprites/Sliced Elements/Components4/Scrollbar1_BtnUp_h.png using Guid(479d34fbeb6917f44a660ddc14b9d79f) Importer(815301076,1909f56bfc062723c751e8b465ee728b) (PreviewImporter) -> (artifact id: 'd3a6ea7aa72d7d00003ba82b360928da') in 0.0255862 seconds
Number of updated asset objects reloaded before import = 0Number of asset objects unloaded after import = 3

========================================================================
Received Import Request.
  Time since last request: 0.000022 seconds.
  path: Assets/Alien Space Ship/Assets/Sprites/Sliced Elements/Components4/Icon_Previous.png
  artifactKey: Guid(801868b70f913934da6d976e3b5622dd) Importer(815301076,1909f56bfc062723c751e8b465ee728b)
Start importing Assets/Alien Space Ship/Assets/Sprites/Sliced Elements/Components4/Icon_Previous.png using Guid(801868b70f913934da6d976e3b5622dd) Importer(815301076,1909f56bfc062723c751e8b465ee728b) (PreviewImporter) -> (artifact id: '1ffc5152fda0e62f3dc1e93b3fffbfb4') in 0.0329755 seconds
Number of updated asset objects reloaded before import = 0Number of asset objects unloaded after import = 3

========================================================================
Received Import Request.
  Time since last request: 0.000016 seconds.
  path: Assets/Alien Space Ship/Assets/Sprites/Sliced Elements/Components4/checkbox_normal.png
  artifactKey: Guid(60e0e9b91fb33bf4b901cf0ea73f1a4c) Importer(815301076,1909f56bfc062723c751e8b465ee728b)
Start importing Assets/Alien Space Ship/Assets/Sprites/Sliced Elements/Components4/checkbox_normal.png using Guid(60e0e9b91fb33bf4b901cf0ea73f1a4c) Importer(815301076,1909f56bfc062723c751e8b465ee728b) (PreviewImporter) -> (artifact id: '31169184a841f2ffcb6e695f6b2b5435') in 0.0242204 seconds
Number of updated asset objects reloaded before import = 0Number of asset objects unloaded after import = 3

Editor requested this worker to shutdown with reason: Scaling down because of idle timeout
AssetImportWorker is now disconnected from the server
Process exiting
Exiting without the bug reporter. Application will terminate with return code 0