Using pre-set license
Built from '6000.0/staging' branch; Version is '6000.0.32f1 (b2e806cf271c) revision 11724806'; Using compiler version '193933523'; Build Type 'Release'
OS: 'Windows 11  (10.0.26100) 64bit Professional' Language: 'en' Physical Memory: 31941 MB
BatchMode: 1, IsHumanControllingUs: 0, StartBugReporterOnCrash: 0, Is64bit: 1, IsPro: 1

COMMAND LINE ARGUMENTS:
C:\Program Files\Unity\Hub\Editor\6000.0.32f1-x86_64\Editor\Unity.exe
-adb2
-batchMode
-noUpm
-name
AssetImportWorker3
-projectPath
D:/Thuan/Alien Space Ship
-logFile
Logs/AssetImportWorker3.log
-srvPort
53823
-job-worker-count
7
-background-job-worker-count
8
-gc-helper-count
1
Successfully changed project path to: D:/Thuan/Alien Space Ship
D:/Thuan/Alien Space Ship
[UnityMemory] Configuration Parameters - Can be set up in boot.config
    "memorysetup-bucket-allocator-granularity=16"
    "memorysetup-bucket-allocator-bucket-count=8"
    "memorysetup-bucket-allocator-block-size=33554432"
    "memorysetup-bucket-allocator-block-count=8"
    "memorysetup-main-allocator-block-size=16777216"
    "memorysetup-thread-allocator-block-size=16777216"
    "memorysetup-gfx-main-allocator-block-size=16777216"
    "memorysetup-gfx-thread-allocator-block-size=16777216"
    "memorysetup-cache-allocator-block-size=4194304"
    "memorysetup-typetree-allocator-block-size=2097152"
    "memorysetup-profiler-bucket-allocator-granularity=16"
    "memorysetup-profiler-bucket-allocator-bucket-count=8"
    "memorysetup-profiler-bucket-allocator-block-size=33554432"
    "memorysetup-profiler-bucket-allocator-block-count=8"
    "memorysetup-profiler-allocator-block-size=16777216"
    "memorysetup-profiler-editor-allocator-block-size=1048576"
    "memorysetup-temp-allocator-size-main=16777216"
    "memorysetup-job-temp-allocator-block-size=2097152"
    "memorysetup-job-temp-allocator-block-size-background=1048576"
    "memorysetup-job-temp-allocator-reduction-small-platforms=262144"
    "memorysetup-allocator-temp-initial-block-size-main=262144"
    "memorysetup-allocator-temp-initial-block-size-worker=262144"
    "memorysetup-temp-allocator-size-background-worker=32768"
    "memorysetup-temp-allocator-size-job-worker=262144"
    "memorysetup-temp-allocator-size-preload-manager=33554432"
    "memorysetup-temp-allocator-size-nav-mesh-worker=65536"
    "memorysetup-temp-allocator-size-audio-worker=65536"
    "memorysetup-temp-allocator-size-cloud-worker=32768"
    "memorysetup-temp-allocator-size-gi-baking-worker=262144"
    "memorysetup-temp-allocator-size-gi-baking-worker=262144"
    "memorysetup-temp-allocator-size-gi-baking-worker=262144"
    "memorysetup-temp-allocator-size-gi-baking-worker=262144"
    "memorysetup-temp-allocator-size-gi-baking-worker=262144"
    "memorysetup-temp-allocator-size-gfx=262144"
Player connection [28996]  Target information:

Player connection [28996]  * "[IP] 192.168.100.188 [Port] 0 [Flags] 2 [Guid] 2911280309 [EditorId] 2911280309 [Version] 1048832 [Id] WindowsEditor(7,MinhTinh) [Debug] 1 [PackageName] WindowsEditor [ProjectName] Editor" 

Player connection [28996] Host joined multi-casting on [225.0.0.222:54997]...
Player connection [28996] Host joined alternative multi-casting on [225.0.0.222:34997]...
JobSystem: Creating JobQueue using job-worker-count value 7
[Physics::Module] Initialized fallback backend.
[Physics::Module] Id: 0xdecafbad
Library Redirect Path: Library/
[Physics::Module] Selected backend.
[Physics::Module] Name: PhysX
[Physics::Module] Id: 0xf2b8ea05
[Physics::Module] SDK Version: 4.1.2
[Physics::Module] Integration Version: 1.0.0
[Physics::Module] Threading Mode: Multi-Threaded
Refreshing native plugins compatible for Editor in 13.58 ms, found 9 plugins.
Preloading 1 native plugins for Editor in 1.79 ms.
Initialize engine version: 6000.0.32f1 (b2e806cf271c)
[Subsystems] Discovering subsystems at path C:/Program Files/Unity/Hub/Editor/6000.0.32f1-x86_64/Editor/Data/Resources/UnitySubsystems
[Subsystems] Discovering subsystems at path D:/Thuan/Alien Space Ship/Assets
GfxDevice: creating device client; kGfxThreadingModeNonThreaded
Direct3D:
    Version:  Direct3D 11.0 [level 11.1]
    Renderer: NVIDIA GeForce RTX 4060 Laptop GPU (ID=0x28e0)
    Vendor:   NVIDIA
    VRAM:     7972 MB
    Driver:   31.0.15.4692
Initialize mono
Mono path[0] = 'C:/Program Files/Unity/Hub/Editor/6000.0.32f1-x86_64/Editor/Data/Managed'
Mono path[1] = 'C:/Program Files/Unity/Hub/Editor/6000.0.32f1-x86_64/Editor/Data/MonoBleedingEdge/lib/mono/unityjit-win32'
Mono config path = 'C:/Program Files/Unity/Hub/Editor/6000.0.32f1-x86_64/Editor/Data/MonoBleedingEdge/etc'
Using monoOptions --debugger-agent=transport=dt_socket,embedding=1,server=y,suspend=n,address=127.0.0.1:56620
Begin MonoManager ReloadAssembly
Registering precompiled unity dll's ...
Register platform support module: C:/Program Files/Unity/Hub/Editor/6000.0.32f1-x86_64/Editor/Data/PlaybackEngines/WindowsStandaloneSupport/UnityEditor.WindowsStandalone.Extensions.dll
Register platform support module: C:/Program Files/Unity/Hub/Editor/6000.0.32f1-x86_64/Editor/Data/PlaybackEngines/AndroidPlayer/UnityEditor.Android.Extensions.dll
Registered in 0.003380 seconds.
- Loaded All Assemblies, in  0.366 seconds
Native extension for Android target not found
Android Extension - Scanning For ADB Devices 247 ms
Native extension for WindowsStandalone target not found
Mono: successfully reloaded assembly
- Finished resetting the current domain, in  0.604 seconds
Domain Reload Profiling: 969ms
	BeginReloadAssembly (133ms)
		ExecutionOrderSort (0ms)
		DisableScriptedObjects (0ms)
		BackupInstance (0ms)
		ReleaseScriptingObjects (0ms)
		CreateAndSetChildDomain (1ms)
	RebuildCommonClasses (32ms)
	RebuildNativeTypeToScriptingClass (10ms)
	initialDomainReloadingComplete (43ms)
	LoadAllAssembliesAndSetupDomain (146ms)
		LoadAssemblies (131ms)
		RebuildTransferFunctionScriptingTraits (0ms)
		AnalyzeDomain (143ms)
			TypeCache.Refresh (141ms)
				TypeCache.ScanAssembly (129ms)
			BuildScriptInfoCaches (0ms)
			ResolveRequiredComponents (0ms)
	FinalizeReload (605ms)
		ReleaseScriptCaches (0ms)
		RebuildScriptCaches (0ms)
		SetupLoadedEditorAssemblies (560ms)
			LogAssemblyErrors (0ms)
			InitializePlatformSupportModulesInManaged (331ms)
			SetLoadedEditorAssemblies (4ms)
			BeforeProcessingInitializeOnLoad (47ms)
			ProcessInitializeOnLoadAttributes (116ms)
			ProcessInitializeOnLoadMethodAttributes (62ms)
			AfterProcessingInitializeOnLoad (0ms)
			EditorAssembliesLoaded (0ms)
		ExecutionOrderSort2 (0ms)
		AwakeInstancesAfterBackupRestoration (0ms)
========================================================================
Worker process is ready to serve import requests
Import Worker Mode flag is 0x00
Begin MonoManager ReloadAssembly
- Loaded All Assemblies, in  0.765 seconds
Refreshing native plugins compatible for Editor in 2.58 ms, found 9 plugins.
Native extension for Android target not found
Native extension for WindowsStandalone target not found
Mono: successfully reloaded assembly
- Finished resetting the current domain, in  0.827 seconds
Domain Reload Profiling: 1590ms
	BeginReloadAssembly (162ms)
		ExecutionOrderSort (0ms)
		DisableScriptedObjects (5ms)
		BackupInstance (0ms)
		ReleaseScriptingObjects (0ms)
		CreateAndSetChildDomain (31ms)
	RebuildCommonClasses (32ms)
	RebuildNativeTypeToScriptingClass (10ms)
	initialDomainReloadingComplete (35ms)
	LoadAllAssembliesAndSetupDomain (523ms)
		LoadAssemblies (367ms)
		RebuildTransferFunctionScriptingTraits (0ms)
		AnalyzeDomain (252ms)
			TypeCache.Refresh (179ms)
				TypeCache.ScanAssembly (162ms)
			BuildScriptInfoCaches (59ms)
			ResolveRequiredComponents (10ms)
	FinalizeReload (828ms)
		ReleaseScriptCaches (0ms)
		RebuildScriptCaches (0ms)
		SetupLoadedEditorAssemblies (663ms)
			LogAssemblyErrors (0ms)
			InitializePlatformSupportModulesInManaged (11ms)
			SetLoadedEditorAssemblies (5ms)
			BeforeProcessingInitializeOnLoad (163ms)
			ProcessInitializeOnLoadAttributes (390ms)
			ProcessInitializeOnLoadMethodAttributes (90ms)
			AfterProcessingInitializeOnLoad (5ms)
			EditorAssembliesLoaded (0ms)
		ExecutionOrderSort2 (0ms)
		AwakeInstancesAfterBackupRestoration (5ms)
Launched and connected shader compiler UnityShaderCompiler.exe after 0.01 seconds
Refreshing native plugins compatible for Editor in 2.88 ms, found 9 plugins.
Preloading 1 native plugins for Editor in 0.05 ms.
Unloading 230 Unused Serialized files (Serialized files now loaded: 0)
Unloading 6737 unused Assets / (6.2 MB). Loaded Objects now: 7417.
Memory consumption went from 171.0 MB to 164.7 MB.
Total: 10.485300 ms (FindLiveObjects: 0.822800 ms CreateObjectMapping: 0.911200 ms MarkObjects: 5.044600 ms  DeleteObjects: 3.705000 ms)

========================================================================
Received Import Request.
  Time since last request: 734958.387705 seconds.
  path: Assets/Alien Space Ship/Assets/Sprites/Sliced Elements/Backgrounds v1/bg2.png
  artifactKey: Guid(0bc42e84faa79e441b6728f1030b3143) Importer(815301076,1909f56bfc062723c751e8b465ee728b)
Start importing Assets/Alien Space Ship/Assets/Sprites/Sliced Elements/Backgrounds v1/bg2.png using Guid(0bc42e84faa79e441b6728f1030b3143) Importer(815301076,1909f56bfc062723c751e8b465ee728b) (PreviewImporter) -> (artifact id: 'ae81f96147d333fba93a1ac3c266d77e') in 0.1343828 seconds
Number of updated asset objects reloaded before import = 0Number of asset objects unloaded after import = 3

========================================================================
Received Import Request.
  Time since last request: 0.000025 seconds.
  path: Assets/Alien Space Ship/Assets/Sprites/Sliced Elements/Backgrounds v1/bg6.png
  artifactKey: Guid(0f36d97ad60ccd34d9a1ef0f01b83a63) Importer(815301076,1909f56bfc062723c751e8b465ee728b)
Start importing Assets/Alien Space Ship/Assets/Sprites/Sliced Elements/Backgrounds v1/bg6.png using Guid(0f36d97ad60ccd34d9a1ef0f01b83a63) Importer(815301076,1909f56bfc062723c751e8b465ee728b) (PreviewImporter) -> (artifact id: '3c3a335f47807af52f079417c6022461') in 0.0357122 seconds
Number of updated asset objects reloaded before import = 0Number of asset objects unloaded after import = 3

========================================================================
Received Import Request.
  Time since last request: 49.532761 seconds.
  path: Assets/Alien Space Ship/Assets/Sprites/Sliced Elements/Components3/bg_map.png
  artifactKey: Guid(5b03506c2d64f424c8b8b77cf6a62388) Importer(815301076,1909f56bfc062723c751e8b465ee728b)
Start importing Assets/Alien Space Ship/Assets/Sprites/Sliced Elements/Components3/bg_map.png using Guid(5b03506c2d64f424c8b8b77cf6a62388) Importer(815301076,1909f56bfc062723c751e8b465ee728b) (PreviewImporter) -> (artifact id: 'd79a7465341a44539f38068d239338d2') in 0.0241817 seconds
Number of updated asset objects reloaded before import = 0Number of asset objects unloaded after import = 3

========================================================================
Received Import Request.
  Time since last request: 0.000017 seconds.
  path: Assets/Alien Space Ship/Assets/Sprites/Sliced Elements/Components3/bg_Title_Window3.png
  artifactKey: Guid(6d50d2bc568de274fbba105110977a51) Importer(815301076,1909f56bfc062723c751e8b465ee728b)
Start importing Assets/Alien Space Ship/Assets/Sprites/Sliced Elements/Components3/bg_Title_Window3.png using Guid(6d50d2bc568de274fbba105110977a51) Importer(815301076,1909f56bfc062723c751e8b465ee728b) (PreviewImporter) -> (artifact id: '3accca918a2f68c608460214ebf46161') in 0.0233254 seconds
Number of updated asset objects reloaded before import = 0Number of asset objects unloaded after import = 3

========================================================================
Received Import Request.
  Time since last request: 0.000016 seconds.
  path: Assets/Alien Space Ship/Assets/Sprites/Sliced Elements/Components3/Btn_Cancle_p.png
  artifactKey: Guid(4e6cabd7b205df8408f2c7894649b14b) Importer(815301076,1909f56bfc062723c751e8b465ee728b)
Start importing Assets/Alien Space Ship/Assets/Sprites/Sliced Elements/Components3/Btn_Cancle_p.png using Guid(4e6cabd7b205df8408f2c7894649b14b) Importer(815301076,1909f56bfc062723c751e8b465ee728b) (PreviewImporter) -> (artifact id: '4962a7bb293241c732532b50b297b07b') in 0.0198922 seconds
Number of updated asset objects reloaded before import = 0Number of asset objects unloaded after import = 3

========================================================================
Received Import Request.
  Time since last request: 0.000022 seconds.
  path: Assets/Alien Space Ship/Assets/Sprites/Sliced Elements/Components3/Btn_Cancle_n.png
  artifactKey: Guid(9b4639cab39bab5499cc779f0df729df) Importer(815301076,1909f56bfc062723c751e8b465ee728b)
Start importing Assets/Alien Space Ship/Assets/Sprites/Sliced Elements/Components3/Btn_Cancle_n.png using Guid(9b4639cab39bab5499cc779f0df729df) Importer(815301076,1909f56bfc062723c751e8b465ee728b) (PreviewImporter) -> (artifact id: '23984990a6de029c0dda2410dea6039c') in 0.0184515 seconds
Number of updated asset objects reloaded before import = 0Number of asset objects unloaded after import = 3

========================================================================
Received Import Request.
  Time since last request: 0.000019 seconds.
  path: Assets/Alien Space Ship/Assets/Sprites/Sliced Elements/Components3/Btn_Cancle_h.png
  artifactKey: Guid(fe6e16a86920f174b8178372d1911a17) Importer(815301076,1909f56bfc062723c751e8b465ee728b)
Start importing Assets/Alien Space Ship/Assets/Sprites/Sliced Elements/Components3/Btn_Cancle_h.png using Guid(fe6e16a86920f174b8178372d1911a17) Importer(815301076,1909f56bfc062723c751e8b465ee728b) (PreviewImporter) -> (artifact id: 'c43ac94ed807d26263bff25da23795a2') in 0.0194298 seconds
Number of updated asset objects reloaded before import = 0Number of asset objects unloaded after import = 3

========================================================================
Received Import Request.
  Time since last request: 0.000030 seconds.
  path: Assets/Alien Space Ship/Assets/Sprites/Sliced Elements/Components3/Icon_Quit.png
  artifactKey: Guid(f16c538dca665f14b9bf10caef72c3ab) Importer(815301076,1909f56bfc062723c751e8b465ee728b)
Start importing Assets/Alien Space Ship/Assets/Sprites/Sliced Elements/Components3/Icon_Quit.png using Guid(f16c538dca665f14b9bf10caef72c3ab) Importer(815301076,1909f56bfc062723c751e8b465ee728b) (PreviewImporter) -> (artifact id: '69f55e8ec3dbd77988c9ed1a7f8b63d6') in 0.0209957 seconds
Number of updated asset objects reloaded before import = 0Number of asset objects unloaded after import = 3

========================================================================
Received Import Request.
  Time since last request: 0.000019 seconds.
  path: Assets/Alien Space Ship/Assets/Sprites/Sliced Elements/Components3/bg_Window1.png
  artifactKey: Guid(c2961b46eacc8f54780cbc291373bd28) Importer(815301076,1909f56bfc062723c751e8b465ee728b)
Start importing Assets/Alien Space Ship/Assets/Sprites/Sliced Elements/Components3/bg_Window1.png using Guid(c2961b46eacc8f54780cbc291373bd28) Importer(815301076,1909f56bfc062723c751e8b465ee728b) (PreviewImporter) -> (artifact id: '8c78d40cd8fd28545d04d5a7934bf93d') in 0.0219792 seconds
Number of updated asset objects reloaded before import = 0Number of asset objects unloaded after import = 3

========================================================================
Received Import Request.
  Time since last request: 0.000015 seconds.
  path: Assets/Alien Space Ship/Assets/Sprites/Sliced Elements/Components3/Btn_Close_h.png
  artifactKey: Guid(fb3cfd8068436c9439d82ef23d529d5e) Importer(815301076,1909f56bfc062723c751e8b465ee728b)
Start importing Assets/Alien Space Ship/Assets/Sprites/Sliced Elements/Components3/Btn_Close_h.png using Guid(fb3cfd8068436c9439d82ef23d529d5e) Importer(815301076,1909f56bfc062723c751e8b465ee728b) (PreviewImporter) -> (artifact id: 'e80b856e18009521f1782c44a77611d1') in 0.0197875 seconds
Number of updated asset objects reloaded before import = 0Number of asset objects unloaded after import = 3

========================================================================
Received Import Request.
  Time since last request: 0.000017 seconds.
  path: Assets/Alien Space Ship/Assets/Sprites/Sliced Elements/Components3/Icon_TargetGreen.png
  artifactKey: Guid(5ed8ac22109063d4b85565cc190f9a7a) Importer(815301076,1909f56bfc062723c751e8b465ee728b)
Start importing Assets/Alien Space Ship/Assets/Sprites/Sliced Elements/Components3/Icon_TargetGreen.png using Guid(5ed8ac22109063d4b85565cc190f9a7a) Importer(815301076,1909f56bfc062723c751e8b465ee728b) (PreviewImporter) -> (artifact id: '7b2f7568d3450cfc43ea6948affa43e9') in 0.0225099 seconds
Number of updated asset objects reloaded before import = 0Number of asset objects unloaded after import = 3

========================================================================
Received Import Request.
  Time since last request: 0.000020 seconds.
  path: Assets/Alien Space Ship/Assets/Sprites/Sliced Elements/Components3/bg_Time.png
  artifactKey: Guid(21e35eb41a4bddc47930538402b94bfb) Importer(815301076,1909f56bfc062723c751e8b465ee728b)
Start importing Assets/Alien Space Ship/Assets/Sprites/Sliced Elements/Components3/bg_Time.png using Guid(21e35eb41a4bddc47930538402b94bfb) Importer(815301076,1909f56bfc062723c751e8b465ee728b) (PreviewImporter) -> (artifact id: '3cd99e79dfc73c4fe208d7fed46197dd') in 0.0190722 seconds
Number of updated asset objects reloaded before import = 0Number of asset objects unloaded after import = 3

========================================================================
Received Import Request.
  Time since last request: 0.000015 seconds.
  path: Assets/Alien Space Ship/Assets/Sprites/Sliced Elements/Components3/bg_Title_Window2.png
  artifactKey: Guid(0f7667a85c7025347b9fb6021becfb4b) Importer(815301076,1909f56bfc062723c751e8b465ee728b)
Start importing Assets/Alien Space Ship/Assets/Sprites/Sliced Elements/Components3/bg_Title_Window2.png using Guid(0f7667a85c7025347b9fb6021becfb4b) Importer(815301076,1909f56bfc062723c751e8b465ee728b) (PreviewImporter) -> (artifact id: '1e1eecbf3300a32be837435972978840') in 0.0172398 seconds
Number of updated asset objects reloaded before import = 0Number of asset objects unloaded after import = 3

========================================================================
Received Import Request.
  Time since last request: 11.398275 seconds.
  path: Assets/Alien Space Ship/Assets/Prefabs/RedFighter.prefab
  artifactKey: Guid(f0ba3d6cc887d5d4f92e671d677e563c) Importer(815301076,1909f56bfc062723c751e8b465ee728b)
Start importing Assets/Alien Space Ship/Assets/Prefabs/RedFighter.prefab using Guid(f0ba3d6cc887d5d4f92e671d677e563c) Importer(815301076,1909f56bfc062723c751e8b465ee728b) (PreviewImporter) -> (artifact id: '2f57020331f70b4dd97876a868d35246') in 0.4427192 seconds
Number of updated asset objects reloaded before import = 0Number of asset objects unloaded after import = 21

Editor requested this worker to shutdown with reason: Scaling down because of idle timeout
AssetImportWorker is now disconnected from the server
Process exiting
Exiting without the bug reporter. Application will terminate with return code 0